<?xml version="1.0" encoding="UTF-8"?>
<!-- Generated by org.testng.reporters.JUnitReportReporter -->
<testsuite skipped="0" hostname="DESKTOP-OU0V01B" name="Tests.JavascriptExeTest" tests="1" failures="0" timestamp="2022-02-02T14:11:06 IST" time="15.449" errors="0">
  <testcase name="executetest" time="15.449" classname="Tests.JavascriptExeTest"/>
  <system-out/>
</testsuite> <!-- Tests.JavascriptExeTest -->
