<?xml version="1.0" encoding="UTF-8"?>
<!-- Generated by org.testng.reporters.JUnitReportReporter -->
<testsuite skipped="0" hostname="DESKTOP-OU0V01B" name="Tests.ShopTest" tests="5" failures="0" timestamp="2022-01-31T15:42:23 IST" time="48.849" errors="0">
  <testcase name="TitleCheck" time="0.009" classname="Tests.ShopTest"/>
  <system-out/>
  <testcase name="verifyBrokenLinks" time="26.169" classname="Tests.ShopTest"/>
  <system-out/>
  <testcase name="InvalidLogin" time="8.536" classname="Tests.ShopTest"/>
  <system-out/>
  <testcase name="ValidLogin" time="1.268" classname="Tests.ShopTest"/>
  <system-out/>
  <testcase name="slidertest" time="12.867" classname="Tests.ShopTest"/>
  <system-out/>
</testsuite> <!-- Tests.ShopTest -->
