<?xml version="1.0" encoding="UTF-8"?>
<!-- Generated by org.testng.reporters.JUnitReportReporter -->
<testsuite skipped="0" hostname="DESKTOP-OU0V01B" name="Tests.fileuploadscript" tests="1" failures="0" timestamp="2022-02-02T16:08:29 IST" time="8.539" errors="0">
  <testcase name="upload" time="8.539" classname="Tests.fileuploadscript"/>
  <system-out/>
</testsuite> <!-- Tests.fileuploadscript -->
