<?xml version="1.0" encoding="UTF-8"?>
<!-- Generated by org.testng.reporters.JUnitReportReporter -->
<testsuite skipped="0" hostname="DESKTOP-OU0V01B" name="Tests.createPortfolio" tests="4" failures="0" timestamp="2022-02-03T12:04:54 IST" time="27.226" errors="0">
  <testcase name="TitleCheck" time="0.020" classname="Tests.createPortfolio"/>
  <system-out/>
  <testcase name="moneylink" time="2.084" classname="Tests.createPortfolio"/>
  <system-out/>
  <testcase name="ValidLogin" time="10.106" classname="Tests.createPortfolio"/>
  <system-out/>
  <testcase name="portfolio" time="15.016" classname="Tests.createPortfolio"/>
  <system-out/>
</testsuite> <!-- Tests.createPortfolio -->
