<?xml version="1.0" encoding="UTF-8"?>
<!-- Generated by org.testng.reporters.JUnitReportReporter -->
<testsuite skipped="0" hostname="DESKTOP-OU0V01B" name="Tests.Webtable" tests="1" failures="0" timestamp="2022-02-01T17:12:24 IST" time="11.663" errors="0">
  <testcase name="Ajaxcall" time="11.663" classname="Tests.Webtable"/>
  <system-out/>
</testsuite> <!-- Tests.Webtable -->
